2020-02-02 16:11:08.878  INFO 25856 --- [main] com.demo.spring.SpringBootWsApplication  : Starting SpringBootWsApplication on alpha with PID 25856 (C:\work\workspaces\workspace19\dbs-adv-java2\spring-boot-ws\target\classes started by shantanu in C:\work\workspaces\workspace19\dbs-adv-java2\spring-boot-ws)
2020-02-02 16:11:08.884  INFO 25856 --- [main] com.demo.spring.SpringBootWsApplication  : No active profile set, falling back to default profiles: default
2020-02-02 16:11:10.001  INFO 25856 --- [main] trationDelegate$BeanPostProcessorChecker : Bean 'org.springframework.ws.config.annotation.DelegatingWsConfiguration' of type [org.springframework.ws.config.annotation.DelegatingWsConfiguration$$EnhancerBySpringCGLIB$$cba7d8de] is not eligible for getting processed by all BeanPostProcessors (for example: not eligible for auto-proxying)
2020-02-02 16:11:10.127  INFO 25856 --- [main] .w.s.a.s.AnnotationActionEndpointMapping : Supporting [WS-Addressing August 2004, WS-Addressing 1.0]
2020-02-02 16:11:10.708  INFO 25856 --- [main] o.s.b.w.embedded.tomcat.TomcatWebServer  : Tomcat initialized with port(s): 8080 (http)
2020-02-02 16:11:10.728  INFO 25856 --- [main] o.apache.catalina.core.StandardService   : Starting service [Tomcat]
2020-02-02 16:11:10.728  INFO 25856 --- [main] org.apache.catalina.core.StandardEngine  : Starting Servlet engine: [Apache Tomcat/9.0.30]
2020-02-02 16:11:10.980  INFO 25856 --- [main] o.a.c.c.C.[Tomcat].[localhost].[/]       : Initializing Spring embedded WebApplicationContext
2020-02-02 16:11:10.981  INFO 25856 --- [main] o.s.web.context.ContextLoader            : Root WebApplicationContext: initialization completed in 1997 ms
2020-02-02 16:11:11.738  INFO 25856 --- [main] o.s.s.concurrent.ThreadPoolTaskExecutor  : Initializing ExecutorService 'applicationTaskExecutor'
2020-02-02 16:11:12.171  INFO 25856 --- [main] o.s.b.w.embedded.tomcat.TomcatWebServer  : Tomcat started on port(s): 8080 (http) with context path ''
2020-02-02 16:11:12.178  INFO 25856 --- [main] com.demo.spring.SpringBootWsApplication  : Started SpringBootWsApplication in 4.145 seconds (JVM running for 6.516)
2020-02-02 16:12:00.173  INFO 25856 --- [RMI TCP Connection(9)-127.0.0.1] inMXBeanRegistrar$SpringApplicationAdmin : Application shutdown requested.
2020-02-02 16:12:00.179  INFO 25856 --- [RMI TCP Connection(9)-127.0.0.1] o.s.s.concurrent.ThreadPoolTaskExecutor  : Shutting down ExecutorService 'applicationTaskExecutor'
2020-02-02 16:12:09.062  INFO 28068 --- [main] com.demo.spring.SpringBootWsApplication  : Starting SpringBootWsApplication on alpha with PID 28068 (C:\work\workspaces\workspace19\dbs-adv-java2\spring-boot-ws\target\classes started by shantanu in C:\work\workspaces\workspace19\dbs-adv-java2\spring-boot-ws)
2020-02-02 16:12:09.071  INFO 28068 --- [main] com.demo.spring.SpringBootWsApplication  : No active profile set, falling back to default profiles: default
2020-02-02 16:12:10.190  INFO 28068 --- [main] trationDelegate$BeanPostProcessorChecker : Bean 'org.springframework.ws.config.annotation.DelegatingWsConfiguration' of type [org.springframework.ws.config.annotation.DelegatingWsConfiguration$$EnhancerBySpringCGLIB$$b6ffe6a0] is not eligible for getting processed by all BeanPostProcessors (for example: not eligible for auto-proxying)
2020-02-02 16:12:10.278  INFO 28068 --- [main] .w.s.a.s.AnnotationActionEndpointMapping : Supporting [WS-Addressing August 2004, WS-Addressing 1.0]
2020-02-02 16:12:10.622  INFO 28068 --- [main] o.s.b.w.embedded.tomcat.TomcatWebServer  : Tomcat initialized with port(s): 8080 (http)
2020-02-02 16:12:10.634  INFO 28068 --- [main] o.apache.catalina.core.StandardService   : Starting service [Tomcat]
2020-02-02 16:12:10.634  INFO 28068 --- [main] org.apache.catalina.core.StandardEngine  : Starting Servlet engine: [Apache Tomcat/9.0.30]
2020-02-02 16:12:10.793  INFO 28068 --- [main] o.a.c.c.C.[Tomcat].[localhost].[/]       : Initializing Spring embedded WebApplicationContext
2020-02-02 16:12:10.794  INFO 28068 --- [main] o.s.web.context.ContextLoader            : Root WebApplicationContext: initialization completed in 1618 ms
2020-02-02 16:12:11.214  INFO 28068 --- [main] o.s.s.concurrent.ThreadPoolTaskExecutor  : Initializing ExecutorService 'applicationTaskExecutor'
2020-02-02 16:12:11.483  INFO 28068 --- [main] o.s.b.w.embedded.tomcat.TomcatWebServer  : Tomcat started on port(s): 8080 (http) with context path ''
2020-02-02 16:12:11.488  INFO 28068 --- [main] com.demo.spring.SpringBootWsApplication  : Started SpringBootWsApplication in 3.081 seconds (JVM running for 5.354)
2020-02-02 16:16:05.648  INFO 28068 --- [RMI TCP Connection(13)-127.0.0.1] inMXBeanRegistrar$SpringApplicationAdmin : Application shutdown requested.
2020-02-02 16:16:05.651  INFO 28068 --- [RMI TCP Connection(13)-127.0.0.1] o.s.s.concurrent.ThreadPoolTaskExecutor  : Shutting down ExecutorService 'applicationTaskExecutor'
